app/build/intermediates/manifest_merge_blame_file/debug/processDebugMainManifest/manifest-merger-blame-debug-report.txt
1<?xml version="1.0" encoding="utf-8"?>
2<manifest xmlns:android="http://schemas.android.com/apk/res/android"
3    package="com.harvestpay.app"
4    android:versionCode="1"
5    android:versionName="1.0.0" >
6
7    <uses-sdk
8        android:minSdkVersion="23"
9        android:targetSdkVersion="36" />
10
11    <uses-permission android:name="android.permission.POST_NOTIFICATIONS" />
11-->src/main/AndroidManifest.xml:4:5-77
11-->src/main/AndroidManifest.xml:4:22-74
12    <uses-permission android:name="android.permission.WAKE_LOCK" />
12-->[androidx.work:work-runtime:2.10.5] AndroidManifest.xml:23:5-68
12-->[androidx.work:work-runtime:2.10.5] AndroidManifest.xml:23:22-65
13    <uses-permission android:name="android.permission.ACCESS_NETWORK_STATE" />
13-->[androidx.work:work-runtime:2.10.5] AndroidManifest.xml:24:5-79
13-->[androidx.work:work-runtime:2.10.5] AndroidManifest.xml:24:22-76
14    <uses-permission android:name="android.permission.RECEIVE_BOOT_COMPLETED" />
14-->[androidx.work:work-runtime:2.10.5] AndroidManifest.xml:25:5-81
14-->[androidx.work:work-runtime:2.10.5] AndroidManifest.xml:25:22-78
15    <uses-permission android:name="android.permission.FOREGROUND_SERVICE" />
15-->[androidx.work:work-runtime:2.10.5] AndroidManifest.xml:26:5-77
15-->[androidx.work:work-runtime:2.10.5] AndroidManifest.xml:26:22-74
16
17    <permission
17-->[androidx.core:core:1.17.0] AndroidManifest.xml:22:5-24:47
18        android:name="com.harvestpay.app.DYNAMIC_RECEIVER_NOT_EXPORTED_PERMISSION"
18-->[androidx.core:core:1.17.0] AndroidManifest.xml:23:9-81
19        android:protectionLevel="signature" />
19-->[androidx.core:core:1.17.0] AndroidManifest.xml:24:9-44
20
21    <uses-permission android:name="com.harvestpay.app.DYNAMIC_RECEIVER_NOT_EXPORTED_PERMISSION" />
21-->[androidx.core:core:1.17.0] AndroidManifest.xml:26:5-97
21-->[androidx.core:core:1.17.0] AndroidManifest.xml:26:22-94
22
23    <application
23-->src/main/AndroidManifest.xml:6:5-35:19
24        android:name="com.harvestpay.app.HarvestPayApplication"
24-->src/main/AndroidManifest.xml:7:9-46
25        android:allowBackup="false"
25-->src/main/AndroidManifest.xml:8:9-36
26        android:appComponentFactory="androidx.core.app.CoreComponentFactory"
26-->[androidx.core:core:1.17.0] AndroidManifest.xml:28:18-86
27        android:dataExtractionRules="@xml/data_extraction_rules"
27-->src/main/AndroidManifest.xml:9:9-65
28        android:debuggable="true"
29        android:extractNativeLibs="false"
30        android:fullBackupContent="false"
30-->src/main/AndroidManifest.xml:10:9-42
31        android:icon="@drawable/ic_launcher"
31-->src/main/AndroidManifest.xml:11:9-45
32        android:label="@string/app_name"
32-->src/main/AndroidManifest.xml:12:9-41
33        android:roundIcon="@drawable/ic_launcher"
33-->src/main/AndroidManifest.xml:13:9-50
34        android:supportsRtl="true"
34-->src/main/AndroidManifest.xml:14:9-35
35        android:testOnly="true"
36        android:theme="@style/Theme.HarvestPay" >
36-->src/main/AndroidManifest.xml:15:9-48
37        <activity
37-->src/main/AndroidManifest.xml:17:9-24:20
38            android:name="com.harvestpay.app.MainActivity"
38-->src/main/AndroidManifest.xml:18:13-41
39            android:exported="true" >
39-->src/main/AndroidManifest.xml:19:13-36
40            <intent-filter>
40-->src/main/AndroidManifest.xml:20:13-23:29
41                <action android:name="android.intent.action.MAIN" />
41-->src/main/AndroidManifest.xml:21:17-69
41-->src/main/AndroidManifest.xml:21:25-66
42
43                <category android:name="android.intent.category.LAUNCHER" />
43-->src/main/AndroidManifest.xml:22:17-77
43-->src/main/AndroidManifest.xml:22:27-74
44            </intent-filter>
45        </activity>
46
47        <provider
48            android:name="androidx.core.content.FileProvider"
48-->src/main/AndroidManifest.xml:27:13-62
49            android:authorities="com.harvestpay.app.files"
49-->src/main/AndroidManifest.xml:28:13-57
50            android:exported="false"
50-->src/main/AndroidManifest.xml:29:13-37
51            android:grantUriPermissions="true" >
51-->src/main/AndroidManifest.xml:30:13-47
52            <meta-data
52-->src/main/AndroidManifest.xml:31:13-33:54
53                android:name="android.support.FILE_PROVIDER_PATHS"
53-->src/main/AndroidManifest.xml:32:17-67
54                android:resource="@xml/file_paths" />
54-->src/main/AndroidManifest.xml:33:17-51
55        </provider>
56
57        <activity
57-->[androidx.compose.ui:ui-tooling-android:1.11.4] AndroidManifest.xml:23:9-25:39
58            android:name="androidx.compose.ui.tooling.PreviewActivity"
58-->[androidx.compose.ui:ui-tooling-android:1.11.4] AndroidManifest.xml:24:13-71
59            android:exported="true" />
59-->[androidx.compose.ui:ui-tooling-android:1.11.4] AndroidManifest.xml:25:13-36
60
61        <provider
61-->[androidx.work:work-runtime:2.10.5] AndroidManifest.xml:29:9-37:20
62            android:name="androidx.startup.InitializationProvider"
62-->[androidx.work:work-runtime:2.10.5] AndroidManifest.xml:30:13-67
63            android:authorities="com.harvestpay.app.androidx-startup"
63-->[androidx.work:work-runtime:2.10.5] AndroidManifest.xml:31:13-68
64            android:exported="false" >
64-->[androidx.work:work-runtime:2.10.5] AndroidManifest.xml:32:13-37
65            <meta-data
65-->[androidx.work:work-runtime:2.10.5] AndroidManifest.xml:34:13-36:52
66                android:name="androidx.work.WorkManagerInitializer"
66-->[androidx.work:work-runtime:2.10.5] AndroidManifest.xml:35:17-68
67                android:value="androidx.startup" />
67-->[androidx.work:work-runtime:2.10.5] AndroidManifest.xml:36:17-49
68            <meta-data
68-->[androidx.emoji2:emoji2:1.4.0] AndroidManifest.xml:29:13-31:52
69                android:name="androidx.emoji2.text.EmojiCompatInitializer"
69-->[androidx.emoji2:emoji2:1.4.0] AndroidManifest.xml:30:17-75
70                android:value="androidx.startup" />
70-->[androidx.emoji2:emoji2:1.4.0] AndroidManifest.xml:31:17-49
71            <meta-data
71-->[androidx.lifecycle:lifecycle-process:2.9.4] AndroidManifest.xml:29:13-31:52
72                android:name="androidx.lifecycle.ProcessLifecycleInitializer"
72-->[androidx.lifecycle:lifecycle-process:2.9.4] AndroidManifest.xml:30:17-78
73                android:value="androidx.startup" />
73-->[androidx.lifecycle:lifecycle-process:2.9.4] AndroidManifest.xml:31:17-49
74            <meta-data
74-->[androidx.profileinstaller:profileinstaller:1.4.0] AndroidManifest.xml:29:13-31:52
75                android:name="androidx.profileinstaller.ProfileInstallerInitializer"
75-->[androidx.profileinstaller:profileinstaller:1.4.0] AndroidManifest.xml:30:17-85
76                android:value="androidx.startup" />
76-->[androidx.profileinstaller:profileinstaller:1.4.0] AndroidManifest.xml:31:17-49
77        </provider>
78
79        <service
79-->[androidx.work:work-runtime:2.10.5] AndroidManifest.xml:39:9-45:35
80            android:name="androidx.work.impl.background.systemalarm.SystemAlarmService"
80-->[androidx.work:work-runtime:2.10.5] AndroidManifest.xml:40:13-88
81            android:directBootAware="false"
81-->[androidx.work:work-runtime:2.10.5] AndroidManifest.xml:41:13-44
82            android:enabled="@bool/enable_system_alarm_service_default"
82-->[androidx.work:work-runtime:2.10.5] AndroidManifest.xml:42:13-72
83            android:exported="false" />
83-->[androidx.work:work-runtime:2.10.5] AndroidManifest.xml:43:13-37
84        <service
84-->[androidx.work:work-runtime:2.10.5] AndroidManifest.xml:46:9-52:35
85            android:name="androidx.work.impl.background.systemjob.SystemJobService"
85-->[androidx.work:work-runtime:2.10.5] AndroidManifest.xml:47:13-84
86            android:directBootAware="false"
86-->[androidx.work:work-runtime:2.10.5] AndroidManifest.xml:48:13-44
87            android:enabled="@bool/enable_system_job_service_default"
87-->[androidx.work:work-runtime:2.10.5] AndroidManifest.xml:49:13-70
88            android:exported="true"
88-->[androidx.work:work-runtime:2.10.5] AndroidManifest.xml:50:13-36
89            android:permission="android.permission.BIND_JOB_SERVICE" />
89-->[androidx.work:work-runtime:2.10.5] AndroidManifest.xml:51:13-69
90        <service
90-->[androidx.work:work-runtime:2.10.5] AndroidManifest.xml:53:9-59:35
91            android:name="androidx.work.impl.foreground.SystemForegroundService"
91-->[androidx.work:work-runtime:2.10.5] AndroidManifest.xml:54:13-81
92            android:directBootAware="false"
92-->[androidx.work:work-runtime:2.10.5] AndroidManifest.xml:55:13-44
93            android:enabled="@bool/enable_system_foreground_service_default"
93-->[androidx.work:work-runtime:2.10.5] AndroidManifest.xml:56:13-77
94            android:exported="false" />
94-->[androidx.work:work-runtime:2.10.5] AndroidManifest.xml:57:13-37
95
96        <receiver
96-->[androidx.work:work-runtime:2.10.5] AndroidManifest.xml:61:9-66:35
97            android:name="androidx.work.impl.utils.ForceStopRunnable$BroadcastReceiver"
97-->[androidx.work:work-runtime:2.10.5] AndroidManifest.xml:62:13-88
98            android:directBootAware="false"
98-->[androidx.work:work-runtime:2.10.5] AndroidManifest.xml:63:13-44
99            android:enabled="true"
99-->[androidx.work:work-runtime:2.10.5] AndroidManifest.xml:64:13-35
100            android:exported="false" />
100-->[androidx.work:work-runtime:2.10.5] AndroidManifest.xml:65:13-37
101        <receiver
101-->[androidx.work:work-runtime:2.10.5] AndroidManifest.xml:67:9-77:20
102            android:name="androidx.work.impl.background.systemalarm.ConstraintProxy$BatteryChargingProxy"
102-->[androidx.work:work-runtime:2.10.5] AndroidManifest.xml:68:13-106
103            android:directBootAware="false"
103-->[androidx.work:work-runtime:2.10.5] AndroidManifest.xml:69:13-44
104            android:enabled="false"
104-->[androidx.work:work-runtime:2.10.5] AndroidManifest.xml:70:13-36
105            android:exported="false" >
105-->[androidx.work:work-runtime:2.10.5] AndroidManifest.xml:71:13-37
106            <intent-filter>
106-->[androidx.work:work-runtime:2.10.5] AndroidManifest.xml:73:13-76:29
107                <action android:name="android.intent.action.ACTION_POWER_CONNECTED" />
107-->[androidx.work:work-runtime:2.10.5] AndroidManifest.xml:74:17-87
107-->[androidx.work:work-runtime:2.10.5] AndroidManifest.xml:74:25-84
108                <action android:name="android.intent.action.ACTION_POWER_DISCONNECTED" />
108-->[androidx.work:work-runtime:2.10.5] AndroidManifest.xml:75:17-90
108-->[androidx.work:work-runtime:2.10.5] AndroidManifest.xml:75:25-87
109            </intent-filter>
110        </receiver>
111        <receiver
111-->[androidx.work:work-runtime:2.10.5] AndroidManifest.xml:78:9-88:20
112            android:name="androidx.work.impl.background.systemalarm.ConstraintProxy$BatteryNotLowProxy"
112-->[androidx.work:work-runtime:2.10.5] AndroidManifest.xml:79:13-104
113            android:directBootAware="false"
113-->[androidx.work:work-runtime:2.10.5] AndroidManifest.xml:80:13-44
114            android:enabled="false"
114-->[androidx.work:work-runtime:2.10.5] AndroidManifest.xml:81:13-36
115            android:exported="false" >
115-->[androidx.work:work-runtime:2.10.5] AndroidManifest.xml:82:13-37
116            <intent-filter>
116-->[androidx.work:work-runtime:2.10.5] AndroidManifest.xml:84:13-87:29
117                <action android:name="android.intent.action.BATTERY_OKAY" />
117-->[androidx.work:work-runtime:2.10.5] AndroidManifest.xml:85:17-77
117-->[androidx.work:work-runtime:2.10.5] AndroidManifest.xml:85:25-74
118                <action android:name="android.intent.action.BATTERY_LOW" />
118-->[androidx.work:work-runtime:2.10.5] AndroidManifest.xml:86:17-76
118-->[androidx.work:work-runtime:2.10.5] AndroidManifest.xml:86:25-73
119            </intent-filter>
120        </receiver>
121        <receiver
121-->[androidx.work:work-runtime:2.10.5] AndroidManifest.xml:89:9-99:20
122            android:name="androidx.work.impl.background.systemalarm.ConstraintProxy$StorageNotLowProxy"
122-->[androidx.work:work-runtime:2.10.5] AndroidManifest.xml:90:13-104
123            android:directBootAware="false"
123-->[androidx.work:work-runtime:2.10.5] AndroidManifest.xml:91:13-44
124            android:enabled="false"
124-->[androidx.work:work-runtime:2.10.5] AndroidManifest.xml:92:13-36
125            android:exported="false" >
125-->[androidx.work:work-runtime:2.10.5] AndroidManifest.xml:93:13-37
126            <intent-filter>
126-->[androidx.work:work-runtime:2.10.5] AndroidManifest.xml:95:13-98:29
127                <action android:name="android.intent.action.DEVICE_STORAGE_LOW" />
127-->[androidx.work:work-runtime:2.10.5] AndroidManifest.xml:96:17-83
127-->[androidx.work:work-runtime:2.10.5] AndroidManifest.xml:96:25-80
128                <action android:name="android.intent.action.DEVICE_STORAGE_OK" />
128-->[androidx.work:work-runtime:2.10.5] AndroidManifest.xml:97:17-82
128-->[androidx.work:work-runtime:2.10.5] AndroidManifest.xml:97:25-79
129            </intent-filter>
130        </receiver>
131        <receiver
131-->[androidx.work:work-runtime:2.10.5] AndroidManifest.xml:100:9-109:20
132            android:name="androidx.work.impl.background.systemalarm.ConstraintProxy$NetworkStateProxy"
132-->[androidx.work:work-runtime:2.10.5] AndroidManifest.xml:101:13-103
133            android:directBootAware="false"
133-->[androidx.work:work-runtime:2.10.5] AndroidManifest.xml:102:13-44
134            android:enabled="false"
134-->[androidx.work:work-runtime:2.10.5] AndroidManifest.xml:103:13-36
135            android:exported="false" >
135-->[androidx.work:work-runtime:2.10.5] AndroidManifest.xml:104:13-37
136            <intent-filter>
136-->[androidx.work:work-runtime:2.10.5] AndroidManifest.xml:106:13-108:29
137                <action android:name="android.net.conn.CONNECTIVITY_CHANGE" />
137-->[androidx.work:work-runtime:2.10.5] AndroidManifest.xml:107:17-79
137-->[androidx.work:work-runtime:2.10.5] AndroidManifest.xml:107:25-76
138            </intent-filter>
139        </receiver>
140        <receiver
140-->[androidx.work:work-runtime:2.10.5] AndroidManifest.xml:110:9-121:20
141            android:name="androidx.work.impl.background.systemalarm.RescheduleReceiver"
141-->[androidx.work:work-runtime:2.10.5] AndroidManifest.xml:111:13-88
142            android:directBootAware="false"
142-->[androidx.work:work-runtime:2.10.5] AndroidManifest.xml:112:13-44
143            android:enabled="false"
143-->[androidx.work:work-runtime:2.10.5] AndroidManifest.xml:113:13-36
144            android:exported="false" >
144-->[androidx.work:work-runtime:2.10.5] AndroidManifest.xml:114:13-37
145            <intent-filter>
145-->[androidx.work:work-runtime:2.10.5] AndroidManifest.xml:116:13-120:29
146                <action android:name="android.intent.action.BOOT_COMPLETED" />
146-->[androidx.work:work-runtime:2.10.5] AndroidManifest.xml:117:17-79
146-->[androidx.work:work-runtime:2.10.5] AndroidManifest.xml:117:25-76
147                <action android:name="android.intent.action.TIME_SET" />
147-->[androidx.work:work-runtime:2.10.5] AndroidManifest.xml:118:17-73
147-->[androidx.work:work-runtime:2.10.5] AndroidManifest.xml:118:25-70
148                <action android:name="android.intent.action.TIMEZONE_CHANGED" />
148-->[androidx.work:work-runtime:2.10.5] AndroidManifest.xml:119:17-81
148-->[androidx.work:work-runtime:2.10.5] AndroidManifest.xml:119:25-78
149            </intent-filter>
150        </receiver>
151        <receiver
151-->[androidx.work:work-runtime:2.10.5] AndroidManifest.xml:122:9-131:20
152            android:name="androidx.work.impl.background.systemalarm.ConstraintProxyUpdateReceiver"
152-->[androidx.work:work-runtime:2.10.5] AndroidManifest.xml:123:13-99
153            android:directBootAware="false"
153-->[androidx.work:work-runtime:2.10.5] AndroidManifest.xml:124:13-44
154            android:enabled="@bool/enable_system_alarm_service_default"
154-->[androidx.work:work-runtime:2.10.5] AndroidManifest.xml:125:13-72
155            android:exported="false" >
155-->[androidx.work:work-runtime:2.10.5] AndroidManifest.xml:126:13-37
156            <intent-filter>
156-->[androidx.work:work-runtime:2.10.5] AndroidManifest.xml:128:13-130:29
157                <action android:name="androidx.work.impl.background.systemalarm.UpdateProxies" />
157-->[androidx.work:work-runtime:2.10.5] AndroidManifest.xml:129:17-98
157-->[androidx.work:work-runtime:2.10.5] AndroidManifest.xml:129:25-95
158            </intent-filter>
159        </receiver>
160        <receiver
160-->[androidx.work:work-runtime:2.10.5] AndroidManifest.xml:132:9-142:20
161            android:name="androidx.work.impl.diagnostics.DiagnosticsReceiver"
161-->[androidx.work:work-runtime:2.10.5] AndroidManifest.xml:133:13-78
162            android:directBootAware="false"
162-->[androidx.work:work-runtime:2.10.5] AndroidManifest.xml:134:13-44
163            android:enabled="true"
163-->[androidx.work:work-runtime:2.10.5] AndroidManifest.xml:135:13-35
164            android:exported="true"
164-->[androidx.work:work-runtime:2.10.5] AndroidManifest.xml:136:13-36
165            android:permission="android.permission.DUMP" >
165-->[androidx.work:work-runtime:2.10.5] AndroidManifest.xml:137:13-57
166            <intent-filter>
166-->[androidx.work:work-runtime:2.10.5] AndroidManifest.xml:139:13-141:29
167                <action android:name="androidx.work.diagnostics.REQUEST_DIAGNOSTICS" />
167-->[androidx.work:work-runtime:2.10.5] AndroidManifest.xml:140:17-88
167-->[androidx.work:work-runtime:2.10.5] AndroidManifest.xml:140:25-85
168            </intent-filter>
169        </receiver>
170
171        <uses-library
171-->[androidx.window:window:1.5.0] AndroidManifest.xml:23:9-25:40
172            android:name="androidx.window.extensions"
172-->[androidx.window:window:1.5.0] AndroidManifest.xml:24:13-54
173            android:required="false" />
173-->[androidx.window:window:1.5.0] AndroidManifest.xml:25:13-37
174        <uses-library
174-->[androidx.window:window:1.5.0] AndroidManifest.xml:26:9-28:40
175            android:name="androidx.window.sidecar"
175-->[androidx.window:window:1.5.0] AndroidManifest.xml:27:13-51
176            android:required="false" />
176-->[androidx.window:window:1.5.0] AndroidManifest.xml:28:13-37
177
178        <activity
178-->[androidx.compose.ui:ui-test-manifest:1.11.4] AndroidManifest.xml:23:9-26:79
179            android:name="androidx.activity.ComponentActivity"
179-->[androidx.compose.ui:ui-test-manifest:1.11.4] AndroidManifest.xml:24:13-63
180            android:exported="true"
180-->[androidx.compose.ui:ui-test-manifest:1.11.4] AndroidManifest.xml:25:13-36
181            android:theme="@android:style/Theme.Material.Light.NoActionBar" />
181-->[androidx.compose.ui:ui-test-manifest:1.11.4] AndroidManifest.xml:26:13-76
182
183        <service
183-->[androidx.room:room-runtime-android:2.8.4] AndroidManifest.xml:24:9-28:63
184            android:name="androidx.room.MultiInstanceInvalidationService"
184-->[androidx.room:room-runtime-android:2.8.4] AndroidManifest.xml:25:13-74
185            android:directBootAware="true"
185-->[androidx.room:room-runtime-android:2.8.4] AndroidManifest.xml:26:13-43
186            android:exported="false" />
186-->[androidx.room:room-runtime-android:2.8.4] AndroidManifest.xml:27:13-37
187
188        <receiver
188-->[androidx.profileinstaller:profileinstaller:1.4.0] AndroidManifest.xml:34:9-52:20
189            android:name="androidx.profileinstaller.ProfileInstallReceiver"
189-->[androidx.profileinstaller:profileinstaller:1.4.0] AndroidManifest.xml:35:13-76
190            android:directBootAware="false"
190-->[androidx.profileinstaller:profileinstaller:1.4.0] AndroidManifest.xml:36:13-44
191            android:enabled="true"
191-->[androidx.profileinstaller:profileinstaller:1.4.0] AndroidManifest.xml:37:13-35
192            android:exported="true"
192-->[androidx.profileinstaller:profileinstaller:1.4.0] AndroidManifest.xml:38:13-36
193            android:permission="android.permission.DUMP" >
193-->[androidx.profileinstaller:profileinstaller:1.4.0] AndroidManifest.xml:39:13-57
194            <intent-filter>
194-->[androidx.profileinstaller:profileinstaller:1.4.0] AndroidManifest.xml:40:13-42:29
195                <action android:name="androidx.profileinstaller.action.INSTALL_PROFILE" />
195-->[androidx.profileinstaller:profileinstaller:1.4.0] AndroidManifest.xml:41:17-91
195-->[androidx.profileinstaller:profileinstaller:1.4.0] AndroidManifest.xml:41:25-88
196            </intent-filter>
197            <intent-filter>
197-->[androidx.profileinstaller:profileinstaller:1.4.0] AndroidManifest.xml:43:13-45:29
198                <action android:name="androidx.profileinstaller.action.SKIP_FILE" />
198-->[androidx.profileinstaller:profileinstaller:1.4.0] AndroidManifest.xml:44:17-85
198-->[androidx.profileinstaller:profileinstaller:1.4.0] AndroidManifest.xml:44:25-82
199            </intent-filter>
200            <intent-filter>
200-->[androidx.profileinstaller:profileinstaller:1.4.0] AndroidManifest.xml:46:13-48:29
201                <action android:name="androidx.profileinstaller.action.SAVE_PROFILE" />
201-->[androidx.profileinstaller:profileinstaller:1.4.0] AndroidManifest.xml:47:17-88
201-->[androidx.profileinstaller:profileinstaller:1.4.0] AndroidManifest.xml:47:25-85
202            </intent-filter>
203            <intent-filter>
203-->[androidx.profileinstaller:profileinstaller:1.4.0] AndroidManifest.xml:49:13-51:29
204                <action android:name="androidx.profileinstaller.action.BENCHMARK_OPERATION" />
204-->[androidx.profileinstaller:profileinstaller:1.4.0] AndroidManifest.xml:50:17-95
204-->[androidx.profileinstaller:profileinstaller:1.4.0] AndroidManifest.xml:50:25-92
205            </intent-filter>
206        </receiver>
207    </application>
208
209</manifest>